<?xml version="1.0" ?>
<testsuite name="tests.test_models.ItemCardapioModelTestCase-20230526182635" tests="1" time="0.000" failures="0" errors="0">
	<testcase classname="tests.test_models.ItemCardapioModelTestCase" name="test_verifica_atributos" time="0.000"/>
	<system-out><![CDATA[]]></system-out>
	<system-err><![CDATA[]]></system-err>
</testsuite>
